# JRE version: OpenJDK Runtime Environment (8.0_152-b06) (build 1.8.0_152-release-1136-b06)
# Java VM: OpenJDK 64-Bit Server VM (25.152-b06 mixed mode linux-amd64 compressed oops)
Heap:
 PSYoungGen      total 240640K, used 5148K [0x00000000e0000000, 0x00000000f0080000, 0x0000000100000000)
  eden space 218624K, 0% used [0x00000000e0000000,0x00000000e0000000,0x00000000ed580000)
  from space 22016K, 23% used [0x00000000ed580000,0x00000000eda871e0,0x00000000eeb00000)
  to   space 16896K, 0% used [0x00000000eeb80000,0x00000000eeb80000,0x00000000efc00000)
 ParOldGen       total 80384K, used 46657K [0x00000000a0000000, 0x00000000a4e80000, 0x00000000e0000000)
  object space 80384K, 58% used [0x00000000a0000000,0x00000000a2d90530,0x00000000a4e80000)
 Metaspace       used 56867K, capacity 58872K, committed 59028K, reserved 1099776K
  class space    used 7823K, capacity 8335K, committed 8448K, reserved 1048576K
GC Heap History (10 events):
Event: 9,655 GC heap after
Heap after GC invocations=8 (full 1):
 PSYoungGen      total 134144K, used 9712K [0x00000000e0000000, 0x00000000eba80000, 0x0000000100000000)
  eden space 124416K, 0% used [0x00000000e0000000,0x00000000e0000000,0x00000000e7980000)
  from space 9728K, 99% used [0x00000000e7980000,0x00000000e82fc3d0,0x00000000e8300000)
  to   space 12800K, 0% used [0x00000000eae00000,0x00000000eae00000,0x00000000eba80000)
 ParOldGen       total 56320K, used 12238K [0x00000000a0000000, 0x00000000a3700000, 0x00000000e0000000)
  object space 56320K, 21% used [0x00000000a0000000,0x00000000a0bf3a40,0x00000000a3700000)
 Metaspace       used 33854K, capacity 34612K, committed 34816K, reserved 1079296K
  class space    used 4778K, capacity 5051K, committed 5120K, reserved 1048576K
}
Event: 9,943 GC heap before
{Heap before GC invocations=9 (full 1):
 PSYoungGen      total 134144K, used 16684K [0x00000000e0000000, 0x00000000eba80000, 0x0000000100000000)
  eden space 124416K, 5% used [0x00000000e0000000,0x00000000e06cee18,0x00000000e7980000)
  from space 9728K, 99% used [0x00000000e7980000,0x00000000e82fc3d0,0x00000000e8300000)
  to   space 12800K, 0% used [0x00000000eae00000,0x00000000eae00000,0x00000000eba80000)
 ParOldGen       total 56320K, used 12238K [0x00000000a0000000, 0x00000000a3700000, 0x00000000e0000000)
  object space 56320K, 21% used [0x00000000a0000000,0x00000000a0bf3a40,0x00000000a3700000)
 Metaspace       used 34602K, capacity 35266K, committed 35416K, reserved 1079296K
  class space    used 4876K, capacity 5120K, committed 5120K, reserved 1048576K
Event: 9,978 GC heap after
Heap after GC invocations=9 (full 1):
 PSYoungGen      total 178176K, used 9059K [0x00000000e0000000, 0x00000000ef280000, 0x0000000100000000)
  eden space 165376K, 0% used [0x00000000e0000000,0x00000000e0000000,0x00000000ea180000)
  from space 12800K, 70% used [0x00000000eae00000,0x00000000eb6d8d78,0x00000000eba80000)
  to   space 12800K, 0% used [0x00000000ea180000,0x00000000ea180000,0x00000000eae00000)
 ParOldGen       total 56320K, used 12246K [0x00000000a0000000, 0x00000000a3700000, 0x00000000e0000000)
  object space 56320K, 21% used [0x00000000a0000000,0x00000000a0bf5a40,0x00000000a3700000)
 Metaspace       used 34602K, capacity 35266K, committed 35416K, reserved 1079296K
  class space    used 4876K, capacity 5120K, committed 5120K, reserved 1048576K
}
Event: 9,978 GC heap before
{Heap before GC invocations=10 (full 2):
 PSYoungGen      total 178176K, used 9059K [0x00000000e0000000, 0x00000000ef280000, 0x0000000100000000)
  eden space 165376K, 0% used [0x00000000e0000000,0x00000000e0000000,0x00000000ea180000)
  from space 12800K, 70% used [0x00000000eae00000,0x00000000eb6d8d78,0x00000000eba80000)
  to   space 12800K, 0% used [0x00000000ea180000,0x00000000ea180000,0x00000000eae00000)
 ParOldGen       total 56320K, used 12246K [0x00000000a0000000, 0x00000000a3700000, 0x00000000e0000000)
  object space 56320K, 21% used [0x00000000a0000000,0x00000000a0bf5a40,0x00000000a3700000)
 Metaspace       used 34602K, capacity 35266K, committed 35416K, reserved 1079296K
  class space    used 4876K, capacity 5120K, committed 5120K, reserved 1048576K
Event: 10,132 GC heap after
Heap after GC invocations=10 (full 2):
 PSYoungGen      total 178176K, used 0K [0x00000000e0000000, 0x00000000ef280000, 0x0000000100000000)
  eden space 165376K, 0% used [0x00000000e0000000,0x00000000e0000000,0x00000000ea180000)
  from space 12800K, 0% used [0x00000000eae00000,0x00000000eae00000,0x00000000eba80000)
  to   space 12800K, 0% used [0x00000000ea180000,0x00000000ea180000,0x00000000eae00000)
 ParOldGen       total 80384K, used 15678K [0x00000000a0000000, 0x00000000a4e80000, 0x00000000e0000000)
  object space 80384K, 19% used [0x00000000a0000000,0x00000000a0f4fb80,0x00000000a4e80000)
 Metaspace       used 34602K, capacity 35266K, committed 35416K, reserved 1079296K
  class space    used 4876K, capacity 5120K, committed 5120K, reserved 1048576K
}
Event: 17,651 GC heap before
{Heap before GC invocations=11 (full 2):
 PSYoungGen      total 178176K, used 165376K [0x00000000e0000000, 0x00000000ef280000, 0x0000000100000000)
  eden space 165376K, 100% used [0x00000000e0000000,0x00000000ea180000,0x00000000ea180000)
  from space 12800K, 0% used [0x00000000eae00000,0x00000000eae00000,0x00000000eba80000)
  to   space 12800K, 0% used [0x00000000ea180000,0x00000000ea180000,0x00000000eae00000)
 ParOldGen       total 80384K, used 15678K [0x00000000a0000000, 0x00000000a4e80000, 0x00000000e0000000)
  object space 80384K, 19% used [0x00000000a0000000,0x00000000a0f4fb80,0x00000000a4e80000)
 Metaspace       used 48167K, capacity 49296K, committed 49408K, reserved 1091584K
  class space    used 6557K, capacity 6904K, committed 6912K, reserved 1048576K
Event: 17,716 GC heap after
Heap after GC invocations=11 (full 2):
 PSYoungGen      total 178176K, used 12783K [0x00000000e0000000, 0x00000000efc00000, 0x0000000100000000)
  eden space 165376K, 0% used [0x00000000e0000000,0x00000000e0000000,0x00000000ea180000)
  from space 12800K, 99% used [0x00000000ea180000,0x00000000eadfbf90,0x00000000eae00000)
  to   space 16896K, 0% used [0x00000000eeb80000,0x00000000eeb80000,0x00000000efc00000)
 ParOldGen       total 80384K, used 21381K [0x00000000a0000000, 0x00000000a4e80000, 0x00000000e0000000)
  object space 80384K, 26% used [0x00000000a0000000,0x00000000a14e1508,0x00000000a4e80000)
 Metaspace       used 48167K, capacity 49296K, committed 49408K, reserved 1091584K
  class space    used 6557K, capacity 6904K, committed 6912K, reserved 1048576K
}
Event: 25,187 GC heap before
{Heap before GC invocations=12 (full 2):
 PSYoungGen      total 178176K, used 178159K [0x00000000e0000000, 0x00000000efc00000, 0x0000000100000000)
  eden space 165376K, 100% used [0x00000000e0000000,0x00000000ea180000,0x00000000ea180000)
  from space 12800K, 99% used [0x00000000ea180000,0x00000000eadfbf90,0x00000000eae00000)
  to   space 16896K, 0% used [0x00000000eeb80000,0x00000000eeb80000,0x00000000efc00000)
 ParOldGen       total 80384K, used 21381K [0x00000000a0000000, 0x00000000a4e80000, 0x00000000e0000000)
  object space 80384K, 26% used [0x00000000a0000000,0x00000000a14e1508,0x00000000a4e80000)
 Metaspace       used 56171K, capacity 58124K, committed 58496K, reserved 1099776K
  class space    used 7727K, capacity 8227K, committed 8320K, reserved 1048576K
Event: 25,236 GC heap after
Heap after GC invocations=12 (full 2):
 PSYoungGen      total 235520K, used 16887K [0x00000000e0000000, 0x00000000f0080000, 0x0000000100000000)
  eden space 218624K, 0% used [0x00000000e0000000,0x00000000e0000000,0x00000000ed580000)
  from space 16896K, 99% used [0x00000000eeb80000,0x00000000efbfdcd8,0x00000000efc00000)
  to   space 22016K, 0% used [0x00000000ed580000,0x00000000ed580000,0x00000000eeb00000)
 ParOldGen       total 80384K, used 29888K [0x00000000a0000000, 0x00000000a4e80000, 0x00000000e0000000)
  object space 80384K, 37% used [0x00000000a0000000,0x00000000a1d303b8,0x00000000a4e80000)
 Metaspace       used 56171K, capacity 58124K, committed 58496K, reserved 1099776K
  class space    used 7727K, capacity 8227K, committed 8320K, reserved 1048576K
}
Event: 25,760 GC heap before
{Heap before GC invocations=13 (full 2):
 PSYoungGen      total 235520K, used 68389K [0x00000000e0000000, 0x00000000f0080000, 0x0000000100000000)
  eden space 218624K, 23% used [0x00000000e0000000,0x00000000e324b790,0x00000000ed580000)
  from space 16896K, 99% used [0x00000000eeb80000,0x00000000efbfdcd8,0x00000000efc00000)
  to   space 22016K, 0% used [0x00000000ed580000,0x00000000ed580000,0x00000000eeb00000)
 ParOldGen       total 80384K, used 29888K [0x00000000a0000000, 0x00000000a4e80000, 0x00000000e0000000)
  object space 80384K, 37% used [0x00000000a0000000,0x00000000a1d303b8,0x00000000a4e80000)
 Metaspace       used 56867K, capacity 58872K, committed 59028K, reserved 1099776K
  class space    used 7823K, capacity 8335K, committed 8448K, reserved 1048576K

