# JRE version: OpenJDK Runtime Environment (8.0_152-b06) (build 1.8.0_152-release-1136-b06)
# Java VM: OpenJDK 64-Bit Server VM (25.152-b06 mixed mode linux-amd64 compressed oops)
Heap:
 PSYoungGen      total 360960K, used 62438K [0x00000000e0000000, 0x00000000fd580000, 0x0000000100000000)
  eden space 298496K, 0% used [0x00000000e0000000,0x00000000e0000000,0x00000000f2380000)
  from space 62464K, 99% used [0x00000000f9880000,0x00000000fd579b18,0x00000000fd580000)
  to   space 39936K, 0% used [0x00000000f2380000,0x00000000f2380000,0x00000000f4a80000)
 ParOldGen       total 309760K, used 198361K [0x00000000a0000000, 0x00000000b2e80000, 0x00000000e0000000)
  object space 309760K, 64% used [0x00000000a0000000,0x00000000ac1b6698,0x00000000b2e80000)
 Metaspace       used 88985K, capacity 92336K, committed 94720K, reserved 1132544K
  class space    used 11168K, capacity 11906K, committed 12544K, reserved 1048576K
GC Heap History (10 events):
Event: 1843,802 GC heap after
Heap after GC invocations=19 (full 3):
 PSYoungGen      total 293376K, used 36344K [0x00000000e0000000, 0x00000000f5900000, 0x0000000100000000)
  eden space 257024K, 0% used [0x00000000e0000000,0x00000000e0000000,0x00000000efb00000)
  from space 36352K, 99% used [0x00000000f2480000,0x00000000f47fe100,0x00000000f4800000)
  to   space 42496K, 0% used [0x00000000efb00000,0x00000000efb00000,0x00000000f2480000)
 ParOldGen       total 154624K, used 67385K [0x00000000a0000000, 0x00000000a9700000, 0x00000000e0000000)
  object space 154624K, 43% used [0x00000000a0000000,0x00000000a41ce4d8,0x00000000a9700000)
 Metaspace       used 80036K, capacity 83396K, committed 83584K, reserved 1122304K
  class space    used 10293K, capacity 11090K, committed 11136K, reserved 1048576K
}
Event: 1844,636 GC heap before
{Heap before GC invocations=20 (full 3):
 PSYoungGen      total 293376K, used 292603K [0x00000000e0000000, 0x00000000f5900000, 0x0000000100000000)
  eden space 257024K, 99% used [0x00000000e0000000,0x00000000efa40ec0,0x00000000efb00000)
  from space 36352K, 99% used [0x00000000f2480000,0x00000000f47fe100,0x00000000f4800000)
  to   space 42496K, 0% used [0x00000000efb00000,0x00000000efb00000,0x00000000f2480000)
 ParOldGen       total 154624K, used 67385K [0x00000000a0000000, 0x00000000a9700000, 0x00000000e0000000)
  object space 154624K, 43% used [0x00000000a0000000,0x00000000a41ce4d8,0x00000000a9700000)
 Metaspace       used 80193K, capacity 83658K, committed 83840K, reserved 1122304K
  class space    used 10305K, capacity 11103K, committed 11136K, reserved 1048576K
Event: 1844,685 GC heap after
Heap after GC invocations=20 (full 3):
 PSYoungGen      total 299520K, used 7436K [0x00000000e0000000, 0x00000000f7b00000, 0x0000000100000000)
  eden space 257024K, 0% used [0x00000000e0000000,0x00000000e0000000,0x00000000efb00000)
  from space 42496K, 17% used [0x00000000efb00000,0x00000000f0243288,0x00000000f2480000)
  to   space 41984K, 0% used [0x00000000f5200000,0x00000000f5200000,0x00000000f7b00000)
 ParOldGen       total 154624K, used 90812K [0x00000000a0000000, 0x00000000a9700000, 0x00000000e0000000)
  object space 154624K, 58% used [0x00000000a0000000,0x00000000a58af1d8,0x00000000a9700000)
 Metaspace       used 80193K, capacity 83658K, committed 83840K, reserved 1122304K
  class space    used 10305K, capacity 11103K, committed 11136K, reserved 1048576K
}
Event: 1848,582 GC heap before
{Heap before GC invocations=21 (full 3):
 PSYoungGen      total 299520K, used 264446K [0x00000000e0000000, 0x00000000f7b00000, 0x0000000100000000)
  eden space 257024K, 99% used [0x00000000e0000000,0x00000000efafc680,0x00000000efb00000)
  from space 42496K, 17% used [0x00000000efb00000,0x00000000f0243288,0x00000000f2480000)
  to   space 41984K, 0% used [0x00000000f5200000,0x00000000f5200000,0x00000000f7b00000)
 ParOldGen       total 154624K, used 90812K [0x00000000a0000000, 0x00000000a9700000, 0x00000000e0000000)
  object space 154624K, 58% used [0x00000000a0000000,0x00000000a58af1d8,0x00000000a9700000)
 Metaspace       used 89628K, capacity 93820K, committed 94080K, reserved 1130496K
  class space    used 11453K, capacity 12363K, committed 12416K, reserved 1048576K
Event: 1848,602 GC heap after
Heap after GC invocations=21 (full 3):
 PSYoungGen      total 330752K, used 13795K [0x00000000e0000000, 0x00000000f7180000, 0x0000000100000000)
  eden space 298496K, 0% used [0x00000000e0000000,0x00000000e0000000,0x00000000f2380000)
  from space 32256K, 42% used [0x00000000f5200000,0x00000000f5f78e58,0x00000000f7180000)
  to   space 39936K, 0% used [0x00000000f2380000,0x00000000f2380000,0x00000000f4a80000)
 ParOldGen       total 154624K, used 90820K [0x00000000a0000000, 0x00000000a9700000, 0x00000000e0000000)
  object space 154624K, 58% used [0x00000000a0000000,0x00000000a58b11d8,0x00000000a9700000)
 Metaspace       used 89628K, capacity 93820K, committed 94080K, reserved 1130496K
  class space    used 11453K, capacity 12363K, committed 12416K, reserved 1048576K
}
Event: 1850,168 GC heap before
{Heap before GC invocations=22 (full 3):
 PSYoungGen      total 330752K, used 312291K [0x00000000e0000000, 0x00000000f7180000, 0x0000000100000000)
  eden space 298496K, 100% used [0x00000000e0000000,0x00000000f2380000,0x00000000f2380000)
  from space 32256K, 42% used [0x00000000f5200000,0x00000000f5f78e58,0x00000000f7180000)
  to   space 39936K, 0% used [0x00000000f2380000,0x00000000f2380000,0x00000000f4a80000)
 ParOldGen       total 154624K, used 90820K [0x00000000a0000000, 0x00000000a9700000, 0x00000000e0000000)
  object space 154624K, 58% used [0x00000000a0000000,0x00000000a58b11d8,0x00000000a9700000)
 Metaspace       used 90277K, capacity 94516K, committed 94720K, reserved 1132544K
  class space    used 11511K, capacity 12435K, committed 12544K, reserved 1048576K
Event: 1850,264 GC heap after
Heap after GC invocations=22 (full 3):
 PSYoungGen      total 338432K, used 39912K [0x00000000e0000000, 0x00000000fd580000, 0x0000000100000000)
  eden space 298496K, 0% used [0x00000000e0000000,0x00000000e0000000,0x00000000f2380000)
  from space 39936K, 99% used [0x00000000f2380000,0x00000000f4a7a228,0x00000000f4a80000)
  to   space 62464K, 0% used [0x00000000f9880000,0x00000000f9880000,0x00000000fd580000)
 ParOldGen       total 154624K, used 134191K [0x00000000a0000000, 0x00000000a9700000, 0x00000000e0000000)
  object space 154624K, 86% used [0x00000000a0000000,0x00000000a830bea0,0x00000000a9700000)
 Metaspace       used 90277K, capacity 94516K, committed 94720K, reserved 1132544K
  class space    used 11511K, capacity 12435K, committed 12544K, reserved 1048576K
}
Event: 1850,264 GC heap before
{Heap before GC invocations=23 (full 4):
 PSYoungGen      total 338432K, used 39912K [0x00000000e0000000, 0x00000000fd580000, 0x0000000100000000)
  eden space 298496K, 0% used [0x00000000e0000000,0x00000000e0000000,0x00000000f2380000)
  from space 39936K, 99% used [0x00000000f2380000,0x00000000f4a7a228,0x00000000f4a80000)
  to   space 62464K, 0% used [0x00000000f9880000,0x00000000f9880000,0x00000000fd580000)
 ParOldGen       total 154624K, used 134191K [0x00000000a0000000, 0x00000000a9700000, 0x00000000e0000000)
  object space 154624K, 86% used [0x00000000a0000000,0x00000000a830bea0,0x00000000a9700000)
 Metaspace       used 90277K, capacity 94516K, committed 94720K, reserved 1132544K
  class space    used 11511K, capacity 12435K, committed 12544K, reserved 1048576K
Event: 1850,930 GC heap after
Heap after GC invocations=23 (full 4):
 PSYoungGen      total 338432K, used 0K [0x00000000e0000000, 0x00000000fd580000, 0x0000000100000000)
  eden space 298496K, 0% used [0x00000000e0000000,0x00000000e0000000,0x00000000f2380000)
  from space 39936K, 0% used [0x00000000f2380000,0x00000000f2380000,0x00000000f4a80000)
  to   space 62464K, 0% used [0x00000000f9880000,0x00000000f9880000,0x00000000fd580000)
 ParOldGen       total 309760K, used 139226K [0x00000000a0000000, 0x00000000b2e80000, 0x00000000e0000000)
  object space 309760K, 44% used [0x00000000a0000000,0x00000000a87f6b98,0x00000000b2e80000)
 Metaspace       used 88441K, capacity 91732K, committed 94720K, reserved 1132544K
  class space    used 11130K, capacity 11858K, committed 12544K, reserved 1048576K
}
Event: 1853,893 GC heap before
{Heap before GC invocations=24 (full 4):
 PSYoungGen      total 338432K, used 298496K [0x00000000e0000000, 0x00000000fd580000, 0x0000000100000000)
  eden space 298496K, 100% used [0x00000000e0000000,0x00000000f2380000,0x00000000f2380000)
  from space 39936K, 0% used [0x00000000f2380000,0x00000000f2380000,0x00000000f4a80000)
  to   space 62464K, 0% used [0x00000000f9880000,0x00000000f9880000,0x00000000fd580000)
 ParOldGen       total 309760K, used 139226K [0x00000000a0000000, 0x00000000b2e80000, 0x00000000e0000000)
  object space 309760K, 44% used [0x00000000a0000000,0x00000000a87f6b98,0x00000000b2e80000)
 Metaspace       used 88985K, capacity 92336K, committed 94720K, reserved 1132544K
  class space    used 11168K, capacity 11906K, committed 12544K, reserved 1048576K

