# JRE version: OpenJDK Runtime Environment (8.0_152-b06) (build 1.8.0_152-release-1136-b06)
# Java VM: OpenJDK 64-Bit Server VM (25.152-b06 mixed mode linux-amd64 compressed oops)
Heap:
 PSYoungGen      total 363008K, used 0K [0x00000000e0000000, 0x0000000100000000, 0x0000000100000000)
  eden space 270336K, 0% used [0x00000000e0000000,0x00000000e0000000,0x00000000f0800000)
  from space 92672K, 0% used [0x00000000f0800000,0x00000000f0800000,0x00000000f6280000)
  to   space 137216K, 0% used [0x00000000f7a00000,0x00000000f7a00000,0x0000000100000000)
 ParOldGen       total 374272K, used 206967K [0x00000000a0000000, 0x00000000b6d80000, 0x00000000e0000000)
  object space 374272K, 55% used [0x00000000a0000000,0x00000000aca1dce8,0x00000000b6d80000)
 Metaspace       used 81121K, capacity 84186K, committed 84696K, reserved 1122304K
  class space    used 10477K, capacity 11146K, committed 11264K, reserved 1048576K
GC Heap History (10 events):
Event: 50,437 GC heap after
Heap after GC invocations=21 (full 3):
 PSYoungGen      total 370688K, used 29676K [0x00000000e0000000, 0x00000000fcc00000, 0x0000000100000000)
  eden space 340992K, 0% used [0x00000000e0000000,0x00000000e0000000,0x00000000f4d00000)
  from space 29696K, 99% used [0x00000000f8000000,0x00000000f9cfb0e8,0x00000000f9d00000)
  to   space 52224K, 0% used [0x00000000f4d00000,0x00000000f4d00000,0x00000000f8000000)
 ParOldGen       total 147456K, used 107210K [0x00000000a0000000, 0x00000000a9000000, 0x00000000e0000000)
  object space 147456K, 72% used [0x00000000a0000000,0x00000000a68b2800,0x00000000a9000000)
 Metaspace       used 80903K, capacity 84190K, committed 84440K, reserved 1122304K
  class space    used 10516K, capacity 11217K, committed 11264K, reserved 1048576K
}
Event: 55,513 GC heap before
{Heap before GC invocations=22 (full 3):
 PSYoungGen      total 370688K, used 370668K [0x00000000e0000000, 0x00000000fcc00000, 0x0000000100000000)
  eden space 340992K, 100% used [0x00000000e0000000,0x00000000f4d00000,0x00000000f4d00000)
  from space 29696K, 99% used [0x00000000f8000000,0x00000000f9cfb0e8,0x00000000f9d00000)
  to   space 52224K, 0% used [0x00000000f4d00000,0x00000000f4d00000,0x00000000f8000000)
 ParOldGen       total 147456K, used 107210K [0x00000000a0000000, 0x00000000a9000000, 0x00000000e0000000)
  object space 147456K, 72% used [0x00000000a0000000,0x00000000a68b2800,0x00000000a9000000)
 Metaspace       used 81132K, capacity 84462K, committed 84696K, reserved 1122304K
  class space    used 10516K, capacity 11217K, committed 11264K, reserved 1048576K
Event: 69,773 GC heap after
Heap after GC invocations=22 (full 3):
 PSYoungGen      total 393216K, used 52203K [0x00000000e0000000, 0x0000000100000000, 0x0000000100000000)
  eden space 340992K, 0% used [0x00000000e0000000,0x00000000e0000000,0x00000000f4d00000)
  from space 52224K, 99% used [0x00000000f4d00000,0x00000000f7ffaf60,0x00000000f8000000)
  to   space 95232K, 0% used [0x00000000fa300000,0x00000000fa300000,0x0000000100000000)
 ParOldGen       total 200704K, used 200214K [0x00000000a0000000, 0x00000000ac400000, 0x00000000e0000000)
  object space 200704K, 99% used [0x00000000a0000000,0x00000000ac385b50,0x00000000ac400000)
 Metaspace       used 81132K, capacity 84462K, committed 84696K, reserved 1122304K
  class space    used 10516K, capacity 11217K, committed 11264K, reserved 1048576K
}
Event: 69,774 GC heap before
{Heap before GC invocations=23 (full 4):
 PSYoungGen      total 393216K, used 52203K [0x00000000e0000000, 0x0000000100000000, 0x0000000100000000)
  eden space 340992K, 0% used [0x00000000e0000000,0x00000000e0000000,0x00000000f4d00000)
  from space 52224K, 99% used [0x00000000f4d00000,0x00000000f7ffaf60,0x00000000f8000000)
  to   space 95232K, 0% used [0x00000000fa300000,0x00000000fa300000,0x0000000100000000)
 ParOldGen       total 200704K, used 200214K [0x00000000a0000000, 0x00000000ac400000, 0x00000000e0000000)
  object space 200704K, 99% used [0x00000000a0000000,0x00000000ac385b50,0x00000000ac400000)
 Metaspace       used 81132K, capacity 84462K, committed 84696K, reserved 1122304K
  class space    used 10516K, capacity 11217K, committed 11264K, reserved 1048576K
Event: 71,330 GC heap after
Heap after GC invocations=23 (full 4):
 PSYoungGen      total 393216K, used 15740K [0x00000000e0000000, 0x0000000100000000, 0x0000000100000000)
  eden space 340992K, 0% used [0x00000000e0000000,0x00000000e0000000,0x00000000f4d00000)
  from space 52224K, 30% used [0x00000000f4d00000,0x00000000f5c5f2f8,0x00000000f8000000)
  to   space 95232K, 0% used [0x00000000fa300000,0x00000000fa300000,0x0000000100000000)
 ParOldGen       total 374272K, used 200662K [0x00000000a0000000, 0x00000000b6d80000, 0x00000000e0000000)
  object space 374272K, 53% used [0x00000000a0000000,0x00000000ac3f5a88,0x00000000b6d80000)
 Metaspace       used 81004K, capacity 84098K, committed 84696K, reserved 1122304K
  class space    used 10472K, capacity 11140K, committed 11264K, reserved 1048576K
}
Event: 73,377 GC heap before
{Heap before GC invocations=24 (full 4):
 PSYoungGen      total 393216K, used 356732K [0x00000000e0000000, 0x0000000100000000, 0x0000000100000000)
  eden space 340992K, 100% used [0x00000000e0000000,0x00000000f4d00000,0x00000000f4d00000)
  from space 52224K, 30% used [0x00000000f4d00000,0x00000000f5c5f2f8,0x00000000f8000000)
  to   space 95232K, 0% used [0x00000000fa300000,0x00000000fa300000,0x0000000100000000)
 ParOldGen       total 374272K, used 200662K [0x00000000a0000000, 0x00000000b6d80000, 0x00000000e0000000)
  object space 374272K, 53% used [0x00000000a0000000,0x00000000ac3f5a88,0x00000000b6d80000)
 Metaspace       used 81089K, capacity 84176K, committed 84696K, reserved 1122304K
  class space    used 10476K, capacity 11145K, committed 11264K, reserved 1048576K
Event: 73,684 GC heap after
Heap after GC invocations=24 (full 4):
 PSYoungGen      total 365568K, used 95202K [0x00000000e0000000, 0x0000000100000000, 0x0000000100000000)
  eden space 270336K, 0% used [0x00000000e0000000,0x00000000e0000000,0x00000000f0800000)
  from space 95232K, 99% used [0x00000000fa300000,0x00000000ffff8bb8,0x0000000100000000)
  to   space 126976K, 0% used [0x00000000f0800000,0x00000000f0800000,0x00000000f8400000)
 ParOldGen       total 374272K, used 241573K [0x00000000a0000000, 0x00000000b6d80000, 0x00000000e0000000)
  object space 374272K, 64% used [0x00000000a0000000,0x00000000aebe9440,0x00000000b6d80000)
 Metaspace       used 81089K, capacity 84176K, committed 84696K, reserved 1122304K
  class space    used 10476K, capacity 11145K, committed 11264K, reserved 1048576K
}
Event: 76,017 GC heap before
{Heap before GC invocations=25 (full 4):
 PSYoungGen      total 365568K, used 365538K [0x00000000e0000000, 0x0000000100000000, 0x0000000100000000)
  eden space 270336K, 100% used [0x00000000e0000000,0x00000000f0800000,0x00000000f0800000)
  from space 95232K, 99% used [0x00000000fa300000,0x00000000ffff8bb8,0x0000000100000000)
  to   space 126976K, 0% used [0x00000000f0800000,0x00000000f0800000,0x00000000f8400000)
 ParOldGen       total 374272K, used 241573K [0x00000000a0000000, 0x00000000b6d80000, 0x00000000e0000000)
  object space 374272K, 64% used [0x00000000a0000000,0x00000000aebe9440,0x00000000b6d80000)
 Metaspace       used 81121K, capacity 84186K, committed 84696K, reserved 1122304K
  class space    used 10477K, capacity 11146K, committed 11264K, reserved 1048576K
Event: 100,619 GC heap after
Heap after GC invocations=25 (full 4):
 PSYoungGen      total 363008K, used 92546K [0x00000000e0000000, 0x0000000100000000, 0x0000000100000000)
  eden space 270336K, 0% used [0x00000000e0000000,0x00000000e0000000,0x00000000f0800000)
  from space 92672K, 99% used [0x00000000f0800000,0x00000000f6260918,0x00000000f6280000)
  to   space 137216K, 0% used [0x00000000f7a00000,0x00000000f7a00000,0x0000000100000000)
 ParOldGen       total 374272K, used 332190K [0x00000000a0000000, 0x00000000b6d80000, 0x00000000e0000000)
  object space 374272K, 88% used [0x00000000a0000000,0x00000000b4467980,0x00000000b6d80000)
 Metaspace       used 81121K, capacity 84186K, committed 84696K, reserved 1122304K
  class space    used 10477K, capacity 11146K, committed 11264K, reserved 1048576K
}
Event: 105,897 GC heap before
{Heap before GC invocations=26 (full 5):
 PSYoungGen      total 363008K, used 92546K [0x00000000e0000000, 0x0000000100000000, 0x0000000100000000)
  eden space 270336K, 0% used [0x00000000e0000000,0x00000000e0000000,0x00000000f0800000)
  from space 92672K, 99% used [0x00000000f0800000,0x00000000f6260918,0x00000000f6280000)
  to   space 137216K, 0% used [0x00000000f7a00000,0x00000000f7a00000,0x0000000100000000)
 ParOldGen       total 374272K, used 332190K [0x00000000a0000000, 0x00000000b6d80000, 0x00000000e0000000)
  object space 374272K, 88% used [0x00000000a0000000,0x00000000b4467980,0x00000000b6d80000)
 Metaspace       used 81121K, capacity 84186K, committed 84696K, reserved 1122304K
  class space    used 10477K, capacity 11146K, committed 11264K, reserved 1048576K

